0 info it worked if it ends with ok
1 verbose cli [ 'D:\\workSoft\\nodejs\\node.exe',
1 verbose cli   'D:\\workSoft\\nodejs\\node_modules\\npm\\bin\\npm-cli.js',
1 verbose cli   'start' ]
2 info using npm@3.10.10
3 info using node@v6.10.0
4 verbose run-script [ 'prestart', 'start', 'poststart' ]
5 info lifecycle webtest@0.0.0~prestart: webtest@0.0.0
6 silly lifecycle webtest@0.0.0~prestart: no script for prestart, continuing
7 info lifecycle webtest@0.0.0~start: webtest@0.0.0
8 verbose lifecycle webtest@0.0.0~start: unsafe-perm in lifecycle true
9 verbose lifecycle webtest@0.0.0~start: PATH: D:\workSoft\nodejs\node_modules\npm\bin\node-gyp-bin;D:\angularTemple\nodetest\node_modules\.bin;C:\ProgramData\Oracle\Java\javapath;C:\Python27\;C:\Python27\Scripts;C:\Program Files (x86)\Intel\iCLS Client\;C:\Program Files\Intel\iCLS Client\;C:\Windows\system32;C:\Windows;C:\Windows\System32\Wbem;C:\Windows\System32\WindowsPowerShell\v1.0\;C:\Program Files\Intel\Intel(R) Management Engine Components\DAL;C:\Program Files\Intel\Intel(R) Management Engine Components\IPT;C:\Program Files (x86)\Intel\Intel(R) Management Engine Components\DAL;C:\Program Files (x86)\Intel\Intel(R) Management Engine Components\IPT;C:\Program Files (x86)\ATI Technologies\ATI.ACE\Core-Static;C:\Program Files (x86)\NVIDIA Corporation\PhysX\Common;C:\Program Files\Java\jdk1.8.0_151\bin;C:\Program Files\Java\jdk1.8.0_151\jre\bin;D:\workSoft\oracleClient\instantclient_11_2;D:\workSoft\apache-maven-3.2.2\bin;D:\workSoft\svn\bin;d:\sqlserver\1\100\Tools\Binn\;d:\sqlserver\100\Tools\Binn\;d:\sqlserver\100\DTS\Binn\;d:\sqlserver\1\100\Tools\Binn\VSShell\Common7\IDE\;d:\sqlserver\1\100\DTS\Binn\;C:\Program Files (x86)\Microsoft Visual Studio 9.0\Common7\IDE\PrivateAssemblies\;C:\Program Files\TortoiseGit\bin;D:\workSoft\nodejs;D:\workSoft\nodejs\node_global;D:\workSoft\nodejs\node_modules\npm;C:\ProgramData\chocolatey\bin;D:\andriod\sdk;D:\andriod\sdk\platforms;D:\andriod\sdk\platform-tools;D:\andriod\sdk\tools;C:\Users\yundanchai\AppData\Roaming\npm
10 verbose lifecycle webtest@0.0.0~start: CWD: D:\angularTemple\nodetest
11 silly lifecycle webtest@0.0.0~start: Args: [ '/d /s /c', 'node ./bin/www' ]
12 silly lifecycle webtest@0.0.0~start: Returned: code: 3221225786  signal: null
13 info lifecycle webtest@0.0.0~start: Failed to exec start script
14 verbose stack Error: webtest@0.0.0 start: `node ./bin/www`
14 verbose stack Exit status 3221225786
14 verbose stack     at EventEmitter.<anonymous> (D:\workSoft\nodejs\node_modules\npm\lib\utils\lifecycle.js:255:16)
14 verbose stack     at emitTwo (events.js:106:13)
14 verbose stack     at EventEmitter.emit (events.js:191:7)
14 verbose stack     at ChildProcess.<anonymous> (D:\workSoft\nodejs\node_modules\npm\lib\utils\spawn.js:40:14)
14 verbose stack     at emitTwo (events.js:106:13)
14 verbose stack     at ChildProcess.emit (events.js:191:7)
14 verbose stack     at maybeClose (internal/child_process.js:877:16)
14 verbose stack     at Process.ChildProcess._handle.onexit (internal/child_process.js:226:5)
15 verbose pkgid webtest@0.0.0
16 verbose cwd D:\angularTemple\nodetest
17 error Windows_NT 6.1.7601
18 error argv "D:\\workSoft\\nodejs\\node.exe" "D:\\workSoft\\nodejs\\node_modules\\npm\\bin\\npm-cli.js" "start"
19 error node v6.10.0
20 error npm  v3.10.10
21 error code ELIFECYCLE
22 error webtest@0.0.0 start: `node ./bin/www`
22 error Exit status 3221225786
23 error Failed at the webtest@0.0.0 start script 'node ./bin/www'.
23 error Make sure you have the latest version of node.js and npm installed.
23 error If you do, this is most likely a problem with the webtest package,
23 error not with npm itself.
23 error Tell the author that this fails on your system:
23 error     node ./bin/www
23 error You can get information on how to open an issue for this project with:
23 error     npm bugs webtest
23 error Or if that isn't available, you can get their info via:
23 error     npm owner ls webtest
23 error There is likely additional logging output above.
24 verbose exit [ 1, true ]
